<?xml version="1.0" encoding="UTF-8"?>
<!-- Generated by org.testng.reporters.JUnitXMLReporter -->
<testsuite ignored="0" hostname="DESKTOP-D8UJD9S" failures="0" tests="6" name="Default test" time="8.585" errors="0" timestamp="2024-02-02T16:32:05 EET">
  <testcase classname="myTestCase.MyTestCases" name="CheckTheDeafultLanguageIsEnglish" time="0.123"/>
  <testcase classname="myTestCase.MyTestCases" name="CheckTheCurrencyIsSAR" time="0.084"/>
  <testcase classname="myTestCase.MyTestCases" name="CheckTheContactNumber" time="0.42"/>
  <testcase classname="myTestCase.MyTestCases" name="CheckTheQitafLogo" time="0.447"/>
  <testcase classname="myTestCase.MyTestCases" name="CheckHotelTabIsNotSelectedByDefault" time="0.303"/>
  <testcase classname="myTestCase.MyTestCases" name="ChosseRandomLanguage" time="1.596"/>
</testsuite> <!-- Default test -->
