<?xml version="1.0" encoding="UTF-8"?>
<testng-results ignored="0" total="6" passed="6" failed="0" skipped="0">
  <reporter-output>
  </reporter-output>
  <suite started-at="2024-02-02T16:31:56 EET" name="Default suite" finished-at="2024-02-02T16:32:05 EET" duration-ms="8585">
    <groups>
    </groups>
    <test started-at="2024-02-02T16:31:56 EET" name="Default test" finished-at="2024-02-02T16:32:05 EET" duration-ms="8585">
      <class name="myTestCase.MyTestCases">
        <test-method is-config="true" signature="SetUp()[pri:0, instance:myTestCase.MyTestCases@29e6eb25]" started-at="2024-02-02T16:31:56 EET" name="SetUp" finished-at="2024-02-02T16:32:02 EET" duration-ms="5526" status="PASS">
          <reporter-output>
          </reporter-output>
        </test-method> <!-- SetUp -->
        <test-method signature="CheckTheDeafultLanguageIsEnglish()[pri:1, instance:myTestCase.MyTestCases@29e6eb25]" started-at="2024-02-02T16:32:02 EET" name="CheckTheDeafultLanguageIsEnglish" finished-at="2024-02-02T16:32:02 EET" duration-ms="123" status="PASS">
          <reporter-output>
          </reporter-output>
        </test-method> <!-- CheckTheDeafultLanguageIsEnglish -->
        <test-method signature="CheckTheCurrencyIsSAR()[pri:2, instance:myTestCase.MyTestCases@29e6eb25]" started-at="2024-02-02T16:32:02 EET" name="CheckTheCurrencyIsSAR" finished-at="2024-02-02T16:32:02 EET" duration-ms="84" status="PASS">
          <reporter-output>
          </reporter-output>
        </test-method> <!-- CheckTheCurrencyIsSAR -->
        <test-method signature="CheckTheContactNumber()[pri:3, instance:myTestCase.MyTestCases@29e6eb25]" started-at="2024-02-02T16:32:02 EET" name="CheckTheContactNumber" finished-at="2024-02-02T16:32:02 EET" duration-ms="420" status="PASS">
          <reporter-output>
          </reporter-output>
        </test-method> <!-- CheckTheContactNumber -->
        <test-method signature="CheckTheQitafLogo()[pri:4, instance:myTestCase.MyTestCases@29e6eb25]" started-at="2024-02-02T16:32:02 EET" name="CheckTheQitafLogo" finished-at="2024-02-02T16:32:03 EET" duration-ms="447" status="PASS">
          <reporter-output>
          </reporter-output>
        </test-method> <!-- CheckTheQitafLogo -->
        <test-method signature="CheckHotelTabIsNotSelectedByDefault()[pri:5, instance:myTestCase.MyTestCases@29e6eb25]" started-at="2024-02-02T16:32:03 EET" name="CheckHotelTabIsNotSelectedByDefault" finished-at="2024-02-02T16:32:03 EET" duration-ms="303" status="PASS">
          <reporter-output>
          </reporter-output>
        </test-method> <!-- CheckHotelTabIsNotSelectedByDefault -->
        <test-method signature="ChosseRandomLanguage()[pri:6, instance:myTestCase.MyTestCases@29e6eb25]" started-at="2024-02-02T16:32:03 EET" name="ChosseRandomLanguage" finished-at="2024-02-02T16:32:05 EET" duration-ms="1596" status="PASS">
          <reporter-output>
          </reporter-output>
        </test-method> <!-- ChosseRandomLanguage -->
        <test-method is-config="true" signature="myPostTest()[pri:0, instance:myTestCase.MyTestCases@29e6eb25]" started-at="2024-02-02T16:32:05 EET" name="myPostTest" finished-at="2024-02-02T16:32:05 EET" duration-ms="2" status="PASS">
          <reporter-output>
          </reporter-output>
        </test-method> <!-- myPostTest -->
      </class> <!-- myTestCase.MyTestCases -->
    </test> <!-- Default test -->
  </suite> <!-- Default suite -->
</testng-results>
